[     344ms] [ERROR] Failed to load resource: the server responded with a status of 404 () @ https://iran-crisis-tracker.netlify.app/favicon.ico:0
[    8866ms] [ERROR] Access to fetch at 'https://api.gdeltproject.org/api/v2/doc/doc?query=Iran%20war%20supply%20chain%20disruption&mode=artlist&maxrecords=20&format=json&timespan=2d&sort=date' from origin 'https://iran-crisis-tracker.netlify.app' has been blocked by CORS policy: No 'Access-Control-Allow-Origin' header is present on the requested resource. @ https://iran-crisis-tracker.netlify.app/:0
[    8867ms] [ERROR] Failed to load resource: net::ERR_FAILED @ https://api.gdeltproject.org/api/v2/doc/doc?query=Iran%20war%20supply%20chain%20disruption&mode=artlist&maxrecords=20&format=json&timespan=2d&sort=date:0
[    9157ms] [ERROR] Access to fetch at 'https://api.allorigins.win/get?url=https%3A%2F%2Fnews.google.com%2Frss%2Fsearch%3Fq%3DStrait%2BHormuz%2Boil%2Btanker%26hl%3Den%26gl%3DUS%26ceid%3DUS%3Aen' from origin 'https://iran-crisis-tracker.netlify.app' has been blocked by CORS policy: No 'Access-Control-Allow-Origin' header is present on the requested resource. @ https://iran-crisis-tracker.netlify.app/:0
[    9157ms] [ERROR] Failed to load resource: net::ERR_FAILED @ https://api.allorigins.win/get?url=https%3A%2F%2Fnews.google.com%2Frss%2Fsearch%3Fq%3DStrait%2BHormuz%2Boil%2Btanker%26hl%3Den%26gl%3DUS%26ceid%3DUS%3Aen:0
[    9159ms] [ERROR] Access to fetch at 'https://api.allorigins.win/get?url=https%3A%2F%2Fnews.google.com%2Frss%2Fsearch%3Fq%3DIran%2Bwar%2Bfood%2Bfertilizer%2Bshortage%26hl%3Den%26gl%3DUS%26ceid%3DUS%3Aen' from origin 'https://iran-crisis-tracker.netlify.app' has been blocked by CORS policy: No 'Access-Control-Allow-Origin' header is present on the requested resource. @ https://iran-crisis-tracker.netlify.app/:0
[    9159ms] [ERROR] Failed to load resource: net::ERR_FAILED @ https://api.allorigins.win/get?url=https%3A%2F%2Fnews.google.com%2Frss%2Fsearch%3Fq%3DIran%2Bwar%2Bfood%2Bfertilizer%2Bshortage%26hl%3Den%26gl%3DUS%26ceid%3DUS%3Aen:0
[    9161ms] [ERROR] Access to fetch at 'https://api.allorigins.win/get?url=https%3A%2F%2Fnews.google.com%2Frss%2Fsearch%3Fq%3DIran%2Bwar%2Benergy%2B2026%26hl%3Den%26gl%3DUS%26ceid%3DUS%3Aen' from origin 'https://iran-crisis-tracker.netlify.app' has been blocked by CORS policy: No 'Access-Control-Allow-Origin' header is present on the requested resource. @ https://iran-crisis-tracker.netlify.app/:0
[    9162ms] [ERROR] Failed to load resource: net::ERR_FAILED @ https://api.allorigins.win/get?url=https%3A%2F%2Fnews.google.com%2Frss%2Fsearch%3Fq%3DIran%2Bwar%2Benergy%2B2026%26hl%3Den%26gl%3DUS%26ceid%3DUS%3Aen:0
[    9163ms] [ERROR] Access to fetch at 'https://api.allorigins.win/get?url=https%3A%2F%2Ffeeds.bbci.co.uk%2Fnews%2Fworld%2Frss.xml' from origin 'https://iran-crisis-tracker.netlify.app' has been blocked by CORS policy: No 'Access-Control-Allow-Origin' header is present on the requested resource. @ https://iran-crisis-tracker.netlify.app/:0
[    9164ms] [ERROR] Failed to load resource: net::ERR_FAILED @ https://api.allorigins.win/get?url=https%3A%2F%2Ffeeds.bbci.co.uk%2Fnews%2Fworld%2Frss.xml:0
[    9169ms] [ERROR] Access to fetch at 'https://api.allorigins.win/get?url=https%3A%2F%2Fquery1.finance.yahoo.com%2Fv8%2Ffinance%2Fchart%2FNG%3DF%3Finterval%3D1d%26range%3D2d' from origin 'https://iran-crisis-tracker.netlify.app' has been blocked by CORS policy: No 'Access-Control-Allow-Origin' header is present on the requested resource. @ https://iran-crisis-tracker.netlify.app/:0
[    9169ms] [ERROR] Failed to load resource: net::ERR_FAILED @ https://api.allorigins.win/get?url=https%3A%2F%2Fquery1.finance.yahoo.com%2Fv8%2Ffinance%2Fchart%2FNG%3DF%3Finterval%3D1d%26range%3D2d:0
[   10057ms] [ERROR] Access to fetch at 'https://api.allorigins.win/get?url=https%3A%2F%2Fwww.aljazeera.com%2Fxml%2Frss%2Fall.xml' from origin 'https://iran-crisis-tracker.netlify.app' has been blocked by CORS policy: No 'Access-Control-Allow-Origin' header is present on the requested resource. @ https://iran-crisis-tracker.netlify.app/:0
[   10057ms] [ERROR] Failed to load resource: net::ERR_FAILED @ https://api.allorigins.win/get?url=https%3A%2F%2Fwww.aljazeera.com%2Fxml%2Frss%2Fall.xml:0
[   10068ms] [ERROR] Access to fetch at 'https://api.allorigins.win/get?url=https%3A%2F%2Fquery1.finance.yahoo.com%2Fv8%2Ffinance%2Fchart%2FBZ%3DF%3Finterval%3D1d%26range%3D2d' from origin 'https://iran-crisis-tracker.netlify.app' has been blocked by CORS policy: No 'Access-Control-Allow-Origin' header is present on the requested resource. @ https://iran-crisis-tracker.netlify.app/:0
[   10069ms] [ERROR] Failed to load resource: net::ERR_FAILED @ https://api.allorigins.win/get?url=https%3A%2F%2Fquery1.finance.yahoo.com%2Fv8%2Ffinance%2Fchart%2FBZ%3DF%3Finterval%3D1d%26range%3D2d:0
[   10070ms] [ERROR] Access to fetch at 'https://api.allorigins.win/get?url=https%3A%2F%2Fquery1.finance.yahoo.com%2Fv8%2Ffinance%2Fchart%2FTTF%3DF%3Finterval%3D1d%26range%3D2d' from origin 'https://iran-crisis-tracker.netlify.app' has been blocked by CORS policy: No 'Access-Control-Allow-Origin' header is present on the requested resource. @ https://iran-crisis-tracker.netlify.app/:0
[   10071ms] [ERROR] Failed to load resource: net::ERR_FAILED @ https://api.allorigins.win/get?url=https%3A%2F%2Fquery1.finance.yahoo.com%2Fv8%2Ffinance%2Fchart%2FTTF%3DF%3Finterval%3D1d%26range%3D2d:0
[   10225ms] [ERROR] Access to fetch at 'https://api.allorigins.win/get?url=https%3A%2F%2Fquery1.finance.yahoo.com%2Fv8%2Ffinance%2Fchart%2FCL%3DF%3Finterval%3D1d%26range%3D2d' from origin 'https://iran-crisis-tracker.netlify.app' has been blocked by CORS policy: No 'Access-Control-Allow-Origin' header is present on the requested resource. @ https://iran-crisis-tracker.netlify.app/:0
[   10225ms] [ERROR] Failed to load resource: net::ERR_FAILED @ https://api.allorigins.win/get?url=https%3A%2F%2Fquery1.finance.yahoo.com%2Fv8%2Ffinance%2Fchart%2FCL%3DF%3Finterval%3D1d%26range%3D2d:0
